# JRE version: Java(TM) SE Runtime Environment (8.0_192-b12) (build 1.8.0_192-b12)
# Java VM: Java HotSpot(TM) 64-Bit Server VM (25.192-b12 mixed mode bsd-amd64 compressed oops)
Heap:
 PSYoungGen      total 476160K, used 295654K [0x000000076ab00000, 0x0000000789780000, 0x00000007c0000000)
  eden space 455168K, 64% used [0x000000076ab00000,0x000000077cbb9aa0,0x0000000786780000)
  from space 20992K, 0% used [0x0000000788300000,0x0000000788300000,0x0000000789780000)
  to   space 24064K, 0% used [0x0000000786880000,0x0000000786880000,0x0000000788000000)
 ParOldGen       total 325632K, used 46437K [0x00000006c0000000, 0x00000006d3e00000, 0x000000076ab00000)
  object space 325632K, 14% used [0x00000006c0000000,0x00000006c2d59600,0x00000006d3e00000)
 Metaspace       used 94493K, capacity 99662K, committed 99800K, reserved 1136640K
  class space    used 12591K, capacity 13440K, committed 13528K, reserved 1048576K
GC Heap History (10 events):
Event: 25.787 GC heap before
{Heap before GC invocations=20 (full 3):
 PSYoungGen      total 400384K, used 397469K [0x000000076ab00000, 0x0000000784880000, 0x00000007c0000000)
  eden space 386560K, 100% used [0x000000076ab00000,0x0000000782480000,0x0000000782480000)
  from space 13824K, 78% used [0x0000000783b00000,0x00000007845a7690,0x0000000784880000)
  to   space 18432K, 0% used [0x0000000782480000,0x0000000782480000,0x0000000783680000)
 ParOldGen       total 216576K, used 38297K [0x00000006c0000000, 0x00000006cd380000, 0x000000076ab00000)
  object space 216576K, 17% used [0x00000006c0000000,0x00000006c25666d8,0x00000006cd380000)
 Metaspace       used 89011K, capacity 93798K, committed 93912K, reserved 1130496K
  class space    used 11899K, capacity 12676K, committed 12760K, reserved 1048576K
Event: 25.800 GC heap after
Heap after GC invocations=20 (full 3):
 PSYoungGen      total 404992K, used 16240K [0x000000076ab00000, 0x0000000787100000, 0x00000007c0000000)
  eden space 386560K, 0% used [0x000000076ab00000,0x000000076ab00000,0x0000000782480000)
  from space 18432K, 88% used [0x0000000782480000,0x000000078345c178,0x0000000783680000)
  to   space 19968K, 0% used [0x0000000785d80000,0x0000000785d80000,0x0000000787100000)
 ParOldGen       total 216576K, used 38313K [0x00000006c0000000, 0x00000006cd380000, 0x000000076ab00000)
  object space 216576K, 17% used [0x00000006c0000000,0x00000006c256a6f0,0x00000006cd380000)
 Metaspace       used 89011K, capacity 93798K, committed 93912K, reserved 1130496K
  class space    used 11899K, capacity 12676K, committed 12760K, reserved 1048576K
}
Event: 28.330 GC heap before
{Heap before GC invocations=21 (full 3):
 PSYoungGen      total 404992K, used 402800K [0x000000076ab00000, 0x0000000787100000, 0x00000007c0000000)
  eden space 386560K, 100% used [0x000000076ab00000,0x0000000782480000,0x0000000782480000)
  from space 18432K, 88% used [0x0000000782480000,0x000000078345c178,0x0000000783680000)
  to   space 19968K, 0% used [0x0000000785d80000,0x0000000785d80000,0x0000000787100000)
 ParOldGen       total 216576K, used 38313K [0x00000006c0000000, 0x00000006cd380000, 0x000000076ab00000)
  object space 216576K, 17% used [0x00000006c0000000,0x00000006c256a6f0,0x00000006cd380000)
 Metaspace       used 89336K, capacity 94200K, committed 94424K, reserved 1130496K
  class space    used 11936K, capacity 12707K, committed 12760K, reserved 1048576K
Event: 28.341 GC heap after
Heap after GC invocations=21 (full 3):
 PSYoungGen      total 441856K, used 13949K [0x000000076ab00000, 0x0000000787000000, 0x00000007c0000000)
  eden space 422912K, 0% used [0x000000076ab00000,0x000000076ab00000,0x0000000784800000)
  from space 18944K, 73% used [0x0000000785d80000,0x0000000786b1f4d8,0x0000000787000000)
  to   space 20480K, 0% used [0x0000000784800000,0x0000000784800000,0x0000000785c00000)
 ParOldGen       total 216576K, used 38321K [0x00000006c0000000, 0x00000006cd380000, 0x000000076ab00000)
  object space 216576K, 17% used [0x00000006c0000000,0x00000006c256c6f0,0x00000006cd380000)
 Metaspace       used 89336K, capacity 94200K, committed 94424K, reserved 1130496K
  class space    used 11936K, capacity 12707K, committed 12760K, reserved 1048576K
}
Event: 30.965 GC heap before
{Heap before GC invocations=22 (full 3):
 PSYoungGen      total 441856K, used 436861K [0x000000076ab00000, 0x0000000787000000, 0x00000007c0000000)
  eden space 422912K, 100% used [0x000000076ab00000,0x0000000784800000,0x0000000784800000)
  from space 18944K, 73% used [0x0000000785d80000,0x0000000786b1f4d8,0x0000000787000000)
  to   space 20480K, 0% used [0x0000000784800000,0x0000000784800000,0x0000000785c00000)
 ParOldGen       total 216576K, used 38321K [0x00000006c0000000, 0x00000006cd380000, 0x000000076ab00000)
  object space 216576K, 17% used [0x00000006c0000000,0x00000006c256c6f0,0x00000006cd380000)
 Metaspace       used 89604K, capacity 94638K, committed 94808K, reserved 1130496K
  class space    used 11982K, capacity 12818K, committed 12888K, reserved 1048576K
Event: 30.978 GC heap after
Heap after GC invocations=22 (full 3):
 PSYoungGen      total 443392K, used 16381K [0x000000076ab00000, 0x0000000789800000, 0x00000007c0000000)
  eden space 422912K, 0% used [0x000000076ab00000,0x000000076ab00000,0x0000000784800000)
  from space 20480K, 79% used [0x0000000784800000,0x00000007857ff4f8,0x0000000785c00000)
  to   space 21504K, 0% used [0x0000000788300000,0x0000000788300000,0x0000000789800000)
 ParOldGen       total 216576K, used 38329K [0x00000006c0000000, 0x00000006cd380000, 0x000000076ab00000)
  object space 216576K, 17% used [0x00000006c0000000,0x00000006c256e6f0,0x00000006cd380000)
 Metaspace       used 89604K, capacity 94638K, committed 94808K, reserved 1130496K
  class space    used 11982K, capacity 12818K, committed 12888K, reserved 1048576K
}
Event: 80.770 GC heap before
{Heap before GC invocations=23 (full 3):
 PSYoungGen      total 443392K, used 246815K [0x000000076ab00000, 0x0000000789800000, 0x00000007c0000000)
  eden space 422912K, 54% used [0x000000076ab00000,0x0000000778c08758,0x0000000784800000)
  from space 20480K, 79% used [0x0000000784800000,0x00000007857ff4f8,0x0000000785c00000)
  to   space 21504K, 0% used [0x0000000788300000,0x0000000788300000,0x0000000789800000)
 ParOldGen       total 216576K, used 38329K [0x00000006c0000000, 0x00000006cd380000, 0x000000076ab00000)
  object space 216576K, 17% used [0x00000006c0000000,0x00000006c256e6f0,0x00000006cd380000)
 Metaspace       used 93169K, capacity 98300K, committed 98496K, reserved 1134592K
  class space    used 12444K, capacity 13271K, committed 13272K, reserved 1048576K
Event: 80.819 GC heap after
Heap after GC invocations=23 (full 3):
 PSYoungGen      total 476160K, used 20965K [0x000000076ab00000, 0x0000000789780000, 0x00000007c0000000)
  eden space 455168K, 0% used [0x000000076ab00000,0x000000076ab00000,0x0000000786780000)
  from space 20992K, 99% used [0x0000000788300000,0x00000007897797a8,0x0000000789780000)
  to   space 24064K, 0% used [0x0000000786880000,0x0000000786880000,0x0000000788000000)
 ParOldGen       total 216576K, used 38337K [0x00000006c0000000, 0x00000006cd380000, 0x000000076ab00000)
  object space 216576K, 17% used [0x00000006c0000000,0x00000006c25706f0,0x00000006cd380000)
 Metaspace       used 93169K, capacity 98300K, committed 98496K, reserved 1134592K
  class space    used 12444K, capacity 13271K, committed 13272K, reserved 1048576K
}
Event: 80.819 GC heap before
{Heap before GC invocations=24 (full 4):
 PSYoungGen      total 476160K, used 20965K [0x000000076ab00000, 0x0000000789780000, 0x00000007c0000000)
  eden space 455168K, 0% used [0x000000076ab00000,0x000000076ab00000,0x0000000786780000)
  from space 20992K, 99% used [0x0000000788300000,0x00000007897797a8,0x0000000789780000)
  to   space 24064K, 0% used [0x0000000786880000,0x0000000786880000,0x0000000788000000)
 ParOldGen       total 216576K, used 38337K [0x00000006c0000000, 0x00000006cd380000, 0x000000076ab00000)
  object space 216576K, 17% used [0x00000006c0000000,0x00000006c25706f0,0x00000006cd380000)
 Metaspace       used 93169K, capacity 98300K, committed 98496K, reserved 1134592K
  class space    used 12444K, capacity 13271K, committed 13272K, reserved 1048576K
Event: 81.131 GC heap after
Heap after GC invocations=24 (full 4):
 PSYoungGen      total 476160K, used 0K [0x000000076ab00000, 0x0000000789780000, 0x00000007c0000000)
  eden space 455168K, 0% used [0x000000076ab00000,0x000000076ab00000,0x0000000786780000)
  from space 20992K, 0% used [0x0000000788300000,0x0000000788300000,0x0000000789780000)
  to   space 24064K, 0% used [0x0000000786880000,0x0000000786880000,0x0000000788000000)
 ParOldGen       total 325632K, used 46437K [0x00000006c0000000, 0x00000006d3e00000, 0x000000076ab00000)
  object space 325632K, 14% used [0x00000006c0000000,0x00000006c2d59600,0x00000006d3e00000)
 Metaspace       used 93160K, capacity 98270K, committed 98496K, reserved 1134592K
  class space    used 12441K, capacity 13266K, committed 13272K, reserved 1048576K
}

